c:\users\user\desktop\bs_nature\흰쌀밥에 스팸한조각\x64\debug\vc140.pdb
c:\users\user\desktop\bs_nature\흰쌀밥에 스팸한조각\x64\debug\matrices49860489.obj
c:\users\user\desktop\겜그기말\흰쌀밥에 스팸한조각\x64\debug\vc140.pdb
c:\users\user\desktop\겜그기말\흰쌀밥에 스팸한조각\x64\debug\matrices49860489.obj
c:\users\user\desktop\bs_nature\흰쌀밥에 스팸한조각\x64\debug\matrices49860489.ilk
c:\users\user\desktop\bs_nature\흰쌀밥에 스팸한조각\x64\debug\matrices49860489.exe
c:\users\user\desktop\bs_nature\흰쌀밥에 스팸한조각\x64\debug\matrices49860489.pdb
c:\users\user\desktop\bs_nature\흰쌀밥에 스팸한조각\x64\debug\matrices49860489.res
c:\users\user\desktop\겜그기말\흰쌀밥에 스팸한조각\x64\debug\matrices49860489.res
c:\users\user\desktop\겜그기말\흰쌀밥에 스팸한조각\x64\debug\matrices49860489.ilk
c:\users\user\desktop\겜그기말\흰쌀밥에 스팸한조각\x64\debug\matrices49860489.pdb
c:\users\user\desktop\겜그기말\흰쌀밥에 스팸한조각\x64\debug\vc141.pdb
c:\users\user\desktop\겜그기말\흰쌀밥에 스팸한조각\x64\debug\matrices49860489.exe
c:\users\user\desktop\겜그기말\흰쌀밥에 스팸한조각\x64\debug\matrices49860489.tlog\cl.command.1.tlog
c:\users\user\desktop\겜그기말\흰쌀밥에 스팸한조각\x64\debug\matrices49860489.tlog\cl.read.1.tlog
c:\users\user\desktop\겜그기말\흰쌀밥에 스팸한조각\x64\debug\matrices49860489.tlog\cl.write.1.tlog
c:\users\user\desktop\겜그기말\흰쌀밥에 스팸한조각\x64\debug\matrices49860489.tlog\link.command.1.tlog
c:\users\user\desktop\겜그기말\흰쌀밥에 스팸한조각\x64\debug\matrices49860489.tlog\link.read.1.tlog
c:\users\user\desktop\겜그기말\흰쌀밥에 스팸한조각\x64\debug\matrices49860489.tlog\link.write.1.tlog
c:\users\user\desktop\겜그기말\흰쌀밥에 스팸한조각\x64\debug\matrices49860489.tlog\rc.command.1.tlog
c:\users\user\desktop\겜그기말\흰쌀밥에 스팸한조각\x64\debug\matrices49860489.tlog\rc.read.1.tlog
c:\users\user\desktop\겜그기말\흰쌀밥에 스팸한조각\x64\debug\matrices49860489.tlog\rc.write.1.tlog
